  bullet.cpp
C:\Users\ACER\source\repos\SDLgame_meoluoi3\bullet.cpp(79,80): warning C4244: 'argument': conversion from 'float' to 'int', possible loss of data
C:\Users\ACER\source\repos\SDLgame_meoluoi3\bullet.cpp(79,74): warning C4244: 'argument': conversion from 'float' to 'int', possible loss of data
C:\Users\ACER\source\repos\SDLgame_meoluoi3\bullet.cpp(79,54): warning C4244: 'argument': conversion from 'float' to 'int', possible loss of data
C:\Users\ACER\source\repos\SDLgame_meoluoi3\bullet.cpp(79,25): warning C4244: 'argument': conversion from 'float' to 'int', possible loss of data
  draw.cpp
C:\Users\ACER\source\repos\SDLgame_meoluoi3\draw.cpp(64,44): warning C4244: 'argument': conversion from 'float' to 'int', possible loss of data
C:\Users\ACER\source\repos\SDLgame_meoluoi3\draw.cpp(64,33): warning C4244: 'argument': conversion from 'float' to 'int', possible loss of data
C:\Users\ACER\source\repos\SDLgame_meoluoi3\draw.cpp(72,33): warning C4244: 'argument': conversion from 'float' to 'int', possible loss of data
C:\Users\ACER\source\repos\SDLgame_meoluoi3\draw.cpp(72,27): warning C4244: 'argument': conversion from 'float' to 'int', possible loss of data
C:\Users\ACER\source\repos\SDLgame_meoluoi3\draw.cpp(85,33): warning C4244: 'argument': conversion from 'float' to 'int', possible loss of data
C:\Users\ACER\source\repos\SDLgame_meoluoi3\draw.cpp(85,27): warning C4244: 'argument': conversion from 'float' to 'int', possible loss of data
C:\Users\ACER\source\repos\SDLgame_meoluoi3\draw.cpp(123,47): warning C4244: 'argument': conversion from 'float' to 'int', possible loss of data
C:\Users\ACER\source\repos\SDLgame_meoluoi3\draw.cpp(123,41): warning C4244: 'argument': conversion from 'float' to 'int', possible loss of data
C:\Users\ACER\source\repos\SDLgame_meoluoi3\draw.cpp(138,39): warning C4244: 'argument': conversion from 'float' to 'int', possible loss of data
C:\Users\ACER\source\repos\SDLgame_meoluoi3\draw.cpp(138,33): warning C4244: 'argument': conversion from 'float' to 'int', possible loss of data
  effect.cpp
C:\Users\ACER\source\repos\SDLgame_meoluoi3\effect.cpp(73,34): warning C4244: '=': conversion from 'int' to 'float', possible loss of data
C:\Users\ACER\source\repos\SDLgame_meoluoi3\effect.cpp(74,34): warning C4244: '=': conversion from 'int' to 'float', possible loss of data
C:\Users\ACER\source\repos\SDLgame_meoluoi3\effect.cpp(75,31): warning C4244: '=': conversion from 'int' to 'float', possible loss of data
C:\Users\ACER\source\repos\SDLgame_meoluoi3\effect.cpp(76,31): warning C4244: '=': conversion from 'int' to 'float', possible loss of data
C:\Users\ACER\source\repos\SDLgame_meoluoi3\effect.cpp(118,18): warning C4305: '+=': truncation from 'double' to 'float'
C:\Users\ACER\source\repos\SDLgame_meoluoi3\effect.cpp(154,34): warning C4244: '=': conversion from 'int' to 'float', possible loss of data
C:\Users\ACER\source\repos\SDLgame_meoluoi3\effect.cpp(155,21): warning C4244: '=': conversion from 'int' to 'float', possible loss of data
  enemy.cpp
C:\Users\ACER\source\repos\SDLgame_meoluoi3\enemy.cpp(33,27): warning C4244: '=': conversion from 'int' to 'float', possible loss of data
C:\Users\ACER\source\repos\SDLgame_meoluoi3\enemy.cpp(39,21): warning C4244: '=': conversion from 'int' to 'float', possible loss of data
  input.cpp
  main.cpp
  player.cpp
C:\Users\ACER\source\repos\SDLgame_meoluoi3\player.cpp(67,49): warning C4244: 'argument': conversion from 'float' to 'int', possible loss of data
C:\Users\ACER\source\repos\SDLgame_meoluoi3\player.cpp(67,32): warning C4244: 'argument': conversion from 'float' to 'int', possible loss of data
  stage.cpp
C:\Users\ACER\source\repos\SDLgame_meoluoi3\stage.cpp(19,15): warning C4244: '=': conversion from 'float' to 'long', possible loss of data
C:\Users\ACER\source\repos\SDLgame_meoluoi3\stage.cpp(34,19): warning C4305: '+=': truncation from 'double' to 'float'
C:\Users\ACER\source\repos\SDLgame_meoluoi3\stage.cpp(107,15): warning C4244: '=': conversion from 'int' to 'float', possible loss of data
C:\Users\ACER\source\repos\SDLgame_meoluoi3\stage.cpp(110,15): warning C4244: '=': conversion from 'int' to 'float', possible loss of data
C:\Users\ACER\source\repos\SDLgame_meoluoi3\stage.cpp(129,38): warning C4244: '=': conversion from 'int' to 'float', possible loss of data
C:\Users\ACER\source\repos\SDLgame_meoluoi3\stage.cpp(134,39): warning C4244: '=': conversion from 'int' to 'float', possible loss of data
C:\Users\ACER\source\repos\SDLgame_meoluoi3\stage.cpp(144,76): warning C4244: 'argument': conversion from 'float' to 'int', possible loss of data
C:\Users\ACER\source\repos\SDLgame_meoluoi3\stage.cpp(144,70): warning C4244: 'argument': conversion from 'float' to 'int', possible loss of data
C:\Users\ACER\source\repos\SDLgame_meoluoi3\stage.cpp(144,52): warning C4244: 'argument': conversion from 'float' to 'int', possible loss of data
C:\Users\ACER\source\repos\SDLgame_meoluoi3\stage.cpp(144,46): warning C4244: 'argument': conversion from 'float' to 'int', possible loss of data
  struct.cpp
  Generating Code...
  SDLgame.vcxproj -> C:\Users\ACER\source\repos\SDLgame_meoluoi3\x64\Debug\SDLgame.exe
